   0    0    0    0    0    0    0    0    0    0    0    0    0    0    0    0    0    0    0    0    0    0    0    0    0    0    0    0 
   0    0    0    0    0    0    0    0    0    0    0    0    0    0    0    0    0    0    0    0    0    0    0    0    0    0    0    0 
   0    0    0    0    0    0    0    0    0    0    0    0    0    0    0    0    0    0    0    0    0    0    0    0    0    0    0    0 
   0    0    0    0    0    0    0    0    0    0    0    0    0    0    0    0    0    0    0    0    0    0    0    0    0    0    0    0 
   0    0    0    0    0    0    0    0    0    0    0    0    0    0    0    0    0    0    0    0    0    0    0    0    0    0    0    0 
   0    0    0    0    0    0    0   39  234  206  137  137   62    6    0    0    0    0    0    0    0    0    0    0    0    0    0    0 
   0    0    0    0    0    0    0   72  254  223  220  254  254  184   64    6    0    0    0    0    0    0    0    0    0    0    0    0 
   0    0    0    0    0    0    0   24   83   10    2   94  235  254  254  185   65    2    0    0    0    0    0    0    0    0    0    0 
   0    0    0    0    0    0    0    0    0    0    0    0   41   93  205  254  254  186   30    0    0    0    0    0    0    0    0    0 
   0    0    0    0    0    0    0    0    0    0    0    0    0    0   15   92  205  254  227   73    0    0    0    0    0    0    0    0 
   0    0    0    0    0    0    0    0    0    0    0    0    0    0    0    0   13  144  254   89    0    0    0    0    0    0    0    0 
   0    0    0    0    0    0    0    0    0    0    0    0    0    0    0   50  126  247  254   89    0    0    0    0    0    0    0    0 
   0    0    0    0    0    0    0    0    0    0    0    0    0    6  116  237  254  253  161   39    0    0    0    0    0    0    0    0 
   0    0    0    0    0    0    0    0    0    0    0    0    0  134  254  254  254  243    0    0    0    0    0    0    0    0    0    0 
   0    0    0    0    0    0    0    0    0    0    0    0    0   82  195  217  254  251  164   21    0    0    0    0    0    0    0    0 
   0    0    0    0    0    0    0    0    0    0    0    0    0    0    0   22  112  181  254  180    0    0    0    0    0    0    0    0 
   0    0    0    0    0    0    0    0    0    0    0    0    0    0    0    0    0   12  255  247   60    0    0    0    0    0    0    0 
   0    0    0    0    0    0    0    0    0    0    0    0    0    0    0    0    0   65  254  211    7    0    0    0    0    0    0    0 
   0    0    0    0    0    0    0    0    0    0    0    0    0    0    0    0   59  250  253   87    0    0    0    0    0    0    0    0 
   0    0    0    0    0    0    0    0    0    0    0    0    0    0    0   12  185  253  143    0    0    0    0    0    0    0    0    0 
   0    0    0    0    0    0    0    0    0    0    2  115   62    0   37  180  254  198    0    0    0    0    0    0    0    0    0    0 
   0    0    0    0    0    0    0    0    0    0   37  207   37   94  238  254  142    2    0    0    0    0    0    0    0    0    0    0 
   0    0    0    0    0    0    0    0    0    0  219  214  167  254  254  140    5    0    0    0    0    0    0    0    0    0    0    0 
   0    0    0    0    0    0    0    0    0   93  253  254  254  231   62    6    0    0    0    0    0    0    0    0    0    0    0    0 
   0    0    0    0    0    0    0    0    0   58  249  188   61   13    0    0    0    0    0    0    0    0    0    0    0    0    0    0 
   0    0    0    0    0    0    0    0    0    0    0    0    0    0    0    0    0    0    0    0    0    0    0    0    0    0    0    0 
   0    0    0    0    0    0    0    0    0    0    0    0    0    0    0    0    0    0    0    0    0    0    0    0    0    0    0    0 
   0    0    0    0    0    0    0    0    0    0    0    0    0    0    0    0    0    0    0    0    0    0    0    0    0    0    0    0 

   0    0    0    0    0    0    0    0    0    0    0    0    0    0    0    0    0    0    0    0    0    0    0    0    0    0    0    0 
   0    0    0    0    0    0    0    0    0    0    0    0    0    0    0    0    0    0    0    0    0    0    0    0    0    0    0    0 
   0    0    0    0    0    0    0    0    0    0    0    0    0    0    0    0    0    0    0    0    0    0    0    0    0    0    0    0 
   0    0    0    0    0    0    0    0    0    0    0    0    0    0    0    0    0    0    0    0    0    0    0    0    0    0    0    0 
   0    0    0    0    0    0    0    0    0    0    0  146  254  255  207   31    0    0    0    0    0    0    0    0    0    0    0    0 
   0    0    0    0    0    0    0    0    0    0    0  239  253  253  253   76    0    0    0    0    0    0    0    0    0    0    0    0 
   0    0    0    0    0    0    0    0    0    0    0  239  253  253  253  178  146  146   49    0    0    0    0    0    0    0    0    0 
   0    0    0    0    0    0    0    0    0    0  135  253  253  253  253  253  253  253  249  176   14    0    0    0    0    0    0    0 
   0    0    0    0    0    0    0    0    0    6  156  253  253  253  253  253  253  253  253  253  202   94    0    0    0    0    0    0 
   0    0    0    0    0    0    0    0    0   39  253  253  253  253  253  155  115  237  253  253  253  245    0    0    0    0    0    0 
   0    0    0    0    0    0    0    0    0  184  253  253  253  253   35    5    0   55  225  253  253  253  137    0    0    0    0    0 
   0    0    0    0    0    0    0    0    0  193  253  253  253  157    6    0    0    0  169  253  253  253  145    0    0    0    0    0 
   0    0    0    0    0    0    0    0   49  224  253  253  237   59    0    0    0    0  169  253  253  253  201   24    0    0    0    0 
   0    0    0    0    0    0    0    0  139  253  253  253  222    0    0    0    0    0  169  253  253  253  154    4    0    0    0    0 
   0    0    0    0    0    0    0    0  247  253  253  253  208    0    0    0    0    0  169  253  253  253  145    0    0    0    0    0 
   0    0    0    0    0    0    0    0  247  253  253  253   68    0    0    0    0   34  210  253  253  249   75    0    0    0    0    0 
   0    0    0    0    0    0    0  129  252  253  253  230   50    0    0    0    0  112  253  253  253  245    0    0    0    0    0    0 
   0    0    0    0    0    0    0  146  253  253  253  168    0    0    0    0   83  243  253  253  253  142    0    0    0    0    0    0 
   0    0    0    0    0    0    0  146  253  253  253  168    0    0    0   11  183  253  253  253  225   50    0    0    0    0    0    0 
   0    0    0    0    0    0   40  237  253  253  253  168    0    0   19  173  253  253  253  253   60    0    0    0    0    0    0    0 
   0    0    0    0    0    0   17  185  253  253  253  222   50   88  190  253  253  253  248  175   14    0    0    0    0    0    0    0 
   0    0    0    0    0    0    0  146  253  253  253  253  253  253  253  253  253  253   84    0    0    0    0    0    0    0    0    0 
   0    0    0    0    0    0    0   26   45  203  253  253  253  253  253  248  199   63   15    0    0    0    0    0    0    0    0    0 
   0    0    0    0    0    0    0    0    0   76  183  253  253  253  206   90    0    0    0    0    0    0    0    0    0    0    0    0 
   0    0    0    0    0    0    0    0    0    0    0    0    0    0    0    0    0    0    0    0    0    0    0    0    0    0    0    0 
   0    0    0    0    0    0    0    0    0    0    0    0    0    0    0    0    0    0    0    0    0    0    0    0    0    0    0    0 
   0    0    0    0    0    0    0    0    0    0    0    0    0    0    0    0    0    0    0    0    0    0    0    0    0    0    0    0 
   0    0    0    0    0    0    0    0    0    0    0    0    0    0    0    0    0    0    0    0    0    0    0    0    0    0    0    0 

   0    0    0    0    0    0    0    0    0    0    0    0    0    0    0    0    0    0    0    0    0    0    0    0    0    0    0    0 
   0    0    0    0    0    0    0    0    0    0    0    0    0    0    0    0    0    0    0    0    0    0    0    0    0    0    0    0 
   0    0    0    0    0    0    0    0    0    0    0    0    0    0    0    0    0    0    0    0    0    0    0    0    0    0    0    0 
   0    0    0    0    0    0    0    0    0    0    0    0    0    0    0    0    0    0    0    0    0    0    0    0    0    0    0    0 
   0    0    0    0    0    0    0    0    0    0   87  155  254  254  254  157   91    7    4    0    0    0    0    0    0    0    0    0 
   0    0    0    0    0    0    0    0    0    2  172  253  244  241  244  253  253  253  210   89    2    0    0    0    0    0    0    0 
   0    0    0    0    0    0    0    0    0   17  205  225   33    0   30  111  211  250  253  253  102    2    0    0    0    0    0    0 
   0    0    0    0    0    0    0    0    0    0   91  184    0    0    0    0    0   88  220  253  253   91    0    0    0    0    0    0 
   0    0    0    0    0    0    0    0    0    0    0    0    0    0    0    0    0    0   37  235  253  155    2    0    0    0    0    0 
   0    0    0    0    0    0    0    0    0    0    0    0    0    0    0    0    0    0    0  223  253  253   12    0    0    0    0    0 
   0    0    0    0    0    0    0    0    0    0    0    0    0    0    0    0    0    0    0  202  253  253   12    0    0    0    0    0 
   0    0    0    0    0    0    0    0    0    0    0    0    0    0    0    0    0    0    0  184  253  253   12    0    0    0    0    0 
   0    0    0    0    0    0    0    0    0    0    0    0    0    0    0    0    0    0    0  223  253  253   12    0    0    0    0    0 
   0    0    0    0    0    0    0    0    0    0    0    0    0    0    0    0    0    0    0  223  253  171    3    0    0    0    0    0 
   0    0    0    0    0    0    0    0    0    0    0    0    0    0    0    0    0    0    0  223  253  141    0    0    0    0    0    0 
   0    0    0    0    0    0    0    0    0    0    0   15   39   20    0    0   37   63  121  247  253  174    4    0    0    0    0    0 
   0    0    0    0    0    0    0    8   81  160  205  214  229  218  205  205  229  245  253  253  220  119    3    0    0    0    0    0 
   0    0    0    0    0    5   97  215  253  253  196  166  166  166  166  130   43  218  253  219   37    0    0    0    0    0    0    0 
   0    0    0    0    0   59  253  253  181   37   13    0    0    0    0    0  176  247  253   48    0    0    0    0    0    0    0    0 
   0    0    0    0    0  136  253  123   12    0    0    0    0    0   27  197  248  253  123    4    0    0    0    0    0    0    0    0 
   0    0    0    0    0  136  253  105    0    0    0    0    0   78  206  253  220  106    4    0    0    0    0    0    0    0    0    0 
   0    0    0    0    0   82  253  231  112  112   38   77  200  249  253  165   36    0    0    0    0    0    0    0    0    0    0    0 
   0    0    0    0    0    7  144  253  253  253  246  250  253  224  103    3    0    0    0    0    0    0    0    0    0    0    0    0 
   0    0    0    0    0    0    1   18  144  253  232  129  129   37    0    0    0    0    0    0    0    0    0    0    0    0    0    0 
   0    0    0    0    0    0    0    0    0    0    0    0    0    0    0    0    0    0    0    0    0    0    0    0    0    0    0    0 
   0    0    0    0    0    0    0    0    0    0    0    0    0    0    0    0    0    0    0    0    0    0    0    0    0    0    0    0 
   0    0    0    0    0    0    0    0    0    0    0    0    0    0    0    0    0    0    0    0    0    0    0    0    0    0    0    0 
   0    0    0    0    0    0    0    0    0    0    0    0    0    0    0    0    0    0    0    0    0    0    0    0    0    0    0    0 

   0    0    0    0    0    0    0    0    0    0    0    0    0    0    0    0    0    0    0    0    0    0    0    0    0    0    0    0 
   0    0    0    0    0    0    0    0    0    0    0    0    0    0    0    0    0    0    0    0    0    0    0    0    0    0    0    0 
   0    0    0    0    0    0    0    0    0    0    0    0    0    0    0    0    0    0    0    0    0    0    0    0    0    0    0    0 
   0    0    0    0    0    0    0    0    0    0    0    0    0    0    0    0    0    0    0    0    0    0    0    0    0    0    0    0 
   0    0    0    0    0    0    0    0    0    0    0    0    0    0    0    0    0    0    0    0    0    0    0    0    0    0    0    0 
   0    0    0    0    0    0    0    0    0    0    0   13  218  209   62    0    0    0    0    0    0    0    0    0    0    0    0    0 
   0    0    0    0    0    0    0    0    0    0    0    6  189  252  185    0    0    0    0    0    0    0    0    0    0    0    0    0 
   0    0    0    0    0    0    0    0    0    0    0    0  169  252  215    6    0    0    0    0    0    0    0    0    0    0    0    0 
   0    0    0    0    0    0    0    0    0    0    0    0  169  252  253   63    0    0    0    0    0    0    0    0    0    0    0    0 
   0    0    0    0    0    0    0    0    0    0    0    0  169  252  253   63    0    0    0    0    0    0    0    0    0    0    0    0 
   0    0    0    0    0    0    0    0    0    0    0    0  109  253  254  168    0    0    0    0    0    0    0    0    0    0    0    0 
   0    0    0    0    0    0    0    0    0    0    0    0   64  252  253  168    0    0    0    0    0    0    0    0    0    0    0    0 
   0    0    0    0    0    0    0    0    0    0    0    0   59  249  253  210   11    0    0    0    0    0    0    0    0    0    0    0 
   0    0    0    0    0    0    0    0    0    0    0    0    0  211  253  252   21    0    0    0    0    0    0    0    0    0    0    0 
   0    0    0    0    0    0    0    0    0    0    0    0    0  211  253  252   21    0    0    0    0    0    0    0    0    0    0    0 
   0    0    0    0    0    0    0    0    0    0    0    0    0  212  255  253   21    0    0    0    0    0    0    0    0    0    0    0 
   0    0    0    0    0    0    0    0    0    0    0    0    0  211  253  252   21    0    0    0    0    0    0    0    0    0    0    0 
   0    0    0    0    0    0    0    0    0    0    0    0    0  211  253  252   21    0    0    0    0    0    0    0    0    0    0    0 
   0    0    0    0    0    0    0    0    0    0    0    0    0  167  253  252   21    0    0    0    0    0    0    0    0    0    0    0 
   0    0    0    0    0    0    0    0    0    0    0    0    0  211  253  252   21    0    0    0    0    0    0    0    0    0    0    0 
   0    0    0    0    0    0    0    0    0    0    0    0    0  212  255  253   21    0    0    0    0    0    0    0    0    0    0    0 
   0    0    0    0    0    0    0    0    0    0    0    0    0  131  253  252   21    0    0    0    0    0    0    0    0    0    0    0 
   0    0    0    0    0    0    0    0    0    0    0    0    0  106  253  252   21    0    0    0    0    0    0    0    0    0    0    0 
   0    0    0    0    0    0    0    0    0    0    0    0    0  106  253  252   21    0    0    0    0    0    0    0    0    0    0    0 
   0    0    0    0    0    0    0    0    0    0    0    0    0   18  209  182    4    0    0    0    0    0    0    0    0    0    0    0 
   0    0    0    0    0    0    0    0    0    0    0    0    0    0    0    0    0    0    0    0    0    0    0    0    0    0    0    0 
   0    0    0    0    0    0    0    0    0    0    0    0    0    0    0    0    0    0    0    0    0    0    0    0    0    0    0    0 
   0    0    0    0    0    0    0    0    0    0    0    0    0    0    0    0    0    0    0    0    0    0    0    0    0    0    0    0 

   0    0    0    0    0    0    0    0    0    0    0    0    0    0    0    0    0    0    0    0    0    0    0    0    0    0    0    0 
   0    0    0    0    0    0    0    0    0    0    0    0    0    0    0    0    0    0    0    0    0    0    0    0    0    0    0    0 
   0    0    0    0    0    0    0    0    0    0    0    0    0    0    0    0    0    0    0    0    0    0    0    0    0    0    0    0 
   0    0    0    0    0    0    0    0    0    0    0    0    0    0    0    0    0    0    0    0    0    0    0    0    0    0    0    0 
   0    0    0    0    0    0    0    0    0    0    0    0    0    0    0    0    0    0    0    0    0    0    0    0    0    0    0    0 
   0    0    0    0    0    0    0    0    0    0    0   13   24   57  116   32    5    0    0    0    0    0    0    0    0    0    0    0 
   0    0    0    0    0    0    0    0    9  127  151  222  253  253  254  253   79    0    0    0    0    0    0    0    0    0    0    0 
   0    0    0    0    0    0    0    0  116  254  254  254  254  254  254  254  237   45    0    0    0    0    0    0    0    0    0    0 
   0    0    0    0    0    0    0    0  116  253  148  115  115  115   82  241  253  111    0    0    0    0    0    0    0    0    0    0 
   0    0    0    0    0    0    0    0   21   46    0    0    0    0    7  232  251   63    0    0    0    0    0    0    0    0    0    0 
   0    0    0    0    0    0    0    0    0    0    0    0    0    0  104  253  162    0    0    0    0    0    0    0    0    0    0    0 
   0    0    0    0    0    0    0    0    0    0    0    0    0    0  254  254   46    0    0    0    0    0    0    0    0    0    0    0 
   0    0    0    0    0    0    0    0    0    0    0    0    0    0  254  253   46    0    0    0    0    0    0    0    0    0    0    0 
   0    0    0    0    0    0    0    0    0    0    7   24   24   57  254  253   46    0    0    0    0    0    0    0    0    0    0    0 
   0    0    0    0    0    0    0    0   76  127  204  253  253  253  254  219   13    0    0    0    0    0    0    0    0    0    0    0 
   0    0    0    0    0    0   45  245  254  254  254  254  254  254  254  237   29    0    0    0    0    0    0    0    0    0    0    0 
   0    0    0    0    0    0  204  253  194  228  254  253  253  219  254  253   79    0    0    0    0    0    0    0    0    0    0    0 
   0    0    0    0    0    0  211  253  236  253  254  215   96   13  203  253  165    7    0    0    0    0    0   13   32  116    0    0 
   0    0    0    0    0    0  103  245  253  219  136    6    0    0   45  245  253  203   93   93   93  159  185  222  253  253    0    0 
   0    0    0    0    0    0    0    0    0    0    0    0    0    0    0  102  241  254  254  254  254  254  255  254  197  118    0    0 
   0    0    0    0    0    0    0    0    0    0    0    0    0    0    0    0   19   90  115  115  115  115   56   23    4    0    0    0 
   0    0    0    0    0    0    0    0    0    0    0    0    0    0    0    0    0    0    0    0    0    0    0    0    0    0    0    0 
   0    0    0    0    0    0    0    0    0    0    0    0    0    0    0    0    0    0    0    0    0    0    0    0    0    0    0    0 
   0    0    0    0    0    0    0    0    0    0    0    0    0    0    0    0    0    0    0    0    0    0    0    0    0    0    0    0 
   0    0    0    0    0    0    0    0    0    0    0    0    0    0    0    0    0    0    0    0    0    0    0    0    0    0    0    0 
   0    0    0    0    0    0    0    0    0    0    0    0    0    0    0    0    0    0    0    0    0    0    0    0    0    0    0    0 
   0    0    0    0    0    0    0    0    0    0    0    0    0    0    0    0    0    0    0    0    0    0    0    0    0    0    0    0 
   0    0    0    0    0    0    0    0    0    0    0    0    0    0    0    0    0    0    0    0    0    0    0    0    0    0    0    0 

   0    0    0    0    0    0    0    0    0    0    0    0    0    0    0    0    0    0    0    0    0    0    0    0    0    0    0    0 
   0    0    0    0    0    0    0    0    0    0    0    0    0    0    0    0    0    0    0    0    0    0    0    0    0    0    0    0 
   0    0    0    0    0    0    0    0    0  113  233  102    0    0    0    0    0    0    0    0    0    0    0    0    0    0    0    0 
   0    0    0    0    0    0    0    0    0  253  171   20    0    0    0    0    0    0    0    0    0    0    0    0    0    0    0    0 
   0    0    0    0    0    0    0    0  102  224   20    0    0    0    0    0    0    0    0    0    0    0    0    0    0    0    0    0 
   0    0    0    0    0    0    0    0  142  162    0    0    0    0    0    0    0    0    0    0    0    0    0    0    0    0    0    0 
   0    0    0    0    0    0    0    0  203  102    0    0    0    0    0    0    0    0    0    0    0    0    0    0    0    0    0    0 
   0    0    0    0    0    0    0   21  223  102    0    0    0    0    0    0    0    0    0    0    0    0    0    0    0    0    0    0 
   0    0    0    0    0    0    0  113  233    0    0    0    0    0    0    0    0    0    0    0    0    0    0    0    0    0    0    0 
   0    0    0    0    0    0    0  152  151    0    0    0    0    0    0    0    0    0    0    0    0    0    0    0    0    0    0    0 
   0    0    0    0    0    0    0  254  131    0    0    0    0    0    0    0    0    0    0    0    0    0    0    0    0    0    0    0 
   0    0    0    0    0    0    0  253   50    0    0    0    0    0   82  203  203  203  203  142   61    0    0    0    0    0    0    0 
   0    0    0    0    0    0    0  234  112    0    0    0    0  173  253  224  203  203  203  234  253  173   10    0    0    0    0    0 
   0    0    0    0    0    0    0  152  151    0    0   21  183  253  130   20    0    0    0   30  172  253  131    0    0    0    0    0 
   0    0    0    0    0    0    0  152  172    0    0   72  253  123    0    0    0    0    0    0    0  255  172    0    0    0    0    0 
   0    0    0    0    0    0    0   71  252   41    0  233  252    0    0    0    0    0    0    0    0  172  252    0    0    0    0    0 
   0    0    0    0    0    0    0    0  203  132   72  254  192    0    0    0    0    0    0    0   62  255  151    0    0    0    0    0 
   0    0    0    0    0    0    0    0   81  253  232  253  151    0    0    0    0    0    0  123  223  253  111    0    0    0    0    0 
   0    0    0    0    0    0    0    0    0  153  253  255  172    0    0    0    0   11  132  255  233  123    0    0    0    0    0    0 
   0    0    0    0    0    0    0    0    0   30  172  253  252  142  102  102  142  213  252  151   50    0    0    0    0    0    0    0 
   0    0    0    0    0    0    0    0    0    0    0  123  243  255  253  255  233  142   20    0    0    0    0    0    0    0    0    0 
   0    0    0    0    0    0    0    0    0    0    0    0  122  151  232  172   30    0    0    0    0    0    0    0    0    0    0    0 
   0    0    0    0    0    0    0    0    0    0    0    0    0    0    0    0    0    0    0    0    0    0    0    0    0    0    0    0 
   0    0    0    0    0    0    0    0    0    0    0    0    0    0    0    0    0    0    0    0    0    0    0    0    0    0    0    0 
   0    0    0    0    0    0    0    0    0    0    0    0    0    0    0    0    0    0    0    0    0    0    0    0    0    0    0    0 
   0    0    0    0    0    0    0    0    0    0    0    0    0    0    0    0    0    0    0    0    0    0    0    0    0    0    0    0 
   0    0    0    0    0    0    0    0    0    0    0    0    0    0    0    0    0    0    0    0    0    0    0    0    0    0    0    0 
   0    0    0    0    0    0    0    0    0    0    0    0    0    0    0    0    0    0    0    0    0    0    0    0    0    0    0    0 

   0    0    0    0    0    0    0    0    0    0    0    0    0    0    0    0    0    0    0    0    0    0    0    0    0    0    0    0 
   0    0    0    0    0    0    0    0    0    0    0    0    0    0    0    0    0    0    0    0    0    0    0    0    0    0    0    0 
   0    0    0    0    0    0    0    0    0    0    0    0    0    0    0    0    0    0    0    0    0    0    0    0    0    0    0    0 
   0    0    0    0    0    0    0    0    0    0    0    0    0    0    0    0    0    0    0    0    0    0    0    0    0    0    0    0 
   0    0    0    0    0    0    0    0    0    0    0    0    0    0   81  254   80    0    0    0    0    0    0    0    0    0    0    0 
   0    0    0    0    0    0    0    0    0    0    0    0    0    0  118  254  218   35    0    0    0    0    0    0    0    0    0    0 
   0    0    0    0    0    0    0    0    0    0    0    0    0    0  185  254  254  155    0    0    0    0    0    0    0    0    0    0 
   0    0    0    0    0    0    0    0    0    0    0    0    0    0  215  254  254  155    0    0    0    0    0    0    0    0    0    0 
   0    0    0    0    0    0    0    0    0    0    0    0    0    0  215  193  239  231    0    0    0    0    0    0    0    0    0    0 
   0    0    0    0    0    0    0    0    0    0    0    0    0    0  216  116  175  254    0    0    0    0    0    0    0    0    0    0 
   0    0    0    0    0    0    0    0    0    0    0    0    0   28  233   78  137  254    0    0    0    0    0    0    0    0    0    0 
   0    0    0    0    0    0    0    0    0    0    0    0    0  157  210   24  137  254   69    0    0    0    0    0    0    0    0    0 
   0    0    0    0    0    0    0    0    0    0    0    0   69  254   84    0  137  254   99    0    0    0    0    0    0    0    0    0 
   0    0    0    0    0    0    0    0    0    0    0   31  240  232   24    0  137  254   99    0    0    0    0    0    0    0    0    0 
   0    0    0    0    0    0    0    0    0    0   72  247  254   76    0    0  137  254  159    0    0    0    0    0    0    0    0    0 
   0    0    0    0    0    0   19   20   81  163  242  254  178   20    5   20   71  254  196    0    0    0    0    0    0    0    0    0 
   0    0    0    0    7  146  248  254  254  254  254  254  254  254  194  254  254  254  214   73    0    0    0    0    0    0    0    0 
   0    0    0    0   10  196  254  223  155  117  117  117  117  118   72   49  175  254  245  216  162    0    0    0    0    0    0    0 
   0    0    0    0    0   18   58   14    0    0    0    0    0    0    0    0   40  254  196    5   40    0    0    0    0    0    0    0 
   0    0    0    0    0    0    0    0    0    0    0    0    0    0    0    0   40  254  196    0    0    0    0    0    0    0    0    0 
   0    0    0    0    0    0    0    0    0    0    0    0    0    0    0    0   37  249  200    3    0    0    0    0    0    0    0    0 
   0    0    0    0    0    0    0    0    0    0    0    0    0    0    0    0    0  196  254   39    0    0    0    0    0    0    0    0 
   0    0    0    0    0    0    0    0    0    0    0    0    0    0    0    0    0  106  255  129    0    0    0    0    0    0    0    0 
   0    0    0    0    0    0    0    0    0    0    0    0    0    0    0    0    0   99  254   99    0    0    0    0    0    0    0    0 
   0    0    0    0    0    0    0    0    0    0    0    0    0    0    0    0    0    0    0    0    0    0    0    0    0    0    0    0 
   0    0    0    0    0    0    0    0    0    0    0    0    0    0    0    0    0    0    0    0    0    0    0    0    0    0    0    0 
   0    0    0    0    0    0    0    0    0    0    0    0    0    0    0    0    0    0    0    0    0    0    0    0    0    0    0    0 
   0    0    0    0    0    0    0    0    0    0    0    0    0    0    0    0    0    0    0    0    0    0    0    0    0    0    0    0 

   0    0    0    0    0    0    0    0    0    0    0    0    0    0    0    0    0    0    0    0    0    0    0    0    0    0    0    0 
   0    0    0    0    0    0    0    0    0    0    0    0    0    0    0    0    0    0    0    0    0    0    0    0    0    0    0    0 
   0    0    0    0    0    0    0    0    0    0    0    0    0    0    0    0    0    0    0    0    0    0    0    0    0    0    0    0 
   0    0    0    0    0    0    0    0    0    0    0    0    0    0    0    0    0    0    0    0    0    0    0    0    0    0    0    0 
   0    0    0    0    0    0    0    0    0    0    0    0    0    0    0    0    0    0    0    0    0    0    0    0    0    0    0    0 
   0    0    0    0    0    0    0    0    0    0    0    0    0    0    0    0    0    0    0    0    0    0    0    0    0    0    0    0 
   0    0    0    0    0    0    0    0    0    0   15   96  218  209  148  148  139   14    0    0    0    0    0    0    0    0    0    0 
   0    0    0    0    0    0    0    0    0    0  164  252  252  252  253  252  252  163    0    0    0    0    0    0    0    0    0    0 
   0    0    0    0    0    0    0    0    0  101  247  252  252  252  236  252  252  221   21    0    0    0    0    0    0    0    0    0 
   0    0    0    0    0    0    0    0   98  253  252  252  210   84   14  211  252  252   42    0    0    0    0    0    0    0    0    0 
   0    0    0    0    0    0    0   27  228  253  252  190   31    0    0  190  252  252  129    0    0    0    0    0    0    0    0    0 
   0    0    0    0    0    0    0   64  253  254  239   62    0    0    0  129  253  253  253    0    0    0    0    0    0    0    0    0 
   0    0    0    0    0    0    0   64  252  253   89    0    0    0    0   21  237  252  252    0    0    0    0    0    0    0    0    0 
   0    0    0    0    0    0    0   59  249  253   63    0    0    0    0    0  223  252  252   98    0    0    0    0    0    0    0    0 
   0    0    0    0    0    0    0    0  185  253   89    0    0    0    0    0  153  252  252   80    0    0    0    0    0    0    0    0 
   0    0    0    0    0    0    0    0  106  253  239   17    0    0    0    0  232  252  252    0    0    0    0    0    0    0    0    0 
   0    0    0    0    0    0    0    0    0  255  253  104   32    0    0   32  237  253  253    0    0    0    0    0    0    0    0    0 
   0    0    0    0    0    0    0    0    0  253  252  252  237  190  191  237  252  252  137    0    0    0    0    0    0    0    0    0 
   0    0    0    0    0    0    0    0    0   38  205  251  252  252  253  252  252  252   42    0    0    0    0    0    0    0    0    0 
   0    0    0    0    0    0    0    0    0    0    0   77  111  189  145  145  247  252   42    0    0    0    0    0    0    0    0    0 
   0    0    0    0    0    0    0    0    0    0    0    0    0    0    0    0  232  252  218    0    0    0    0    0    0    0    0    0 
   0    0    0    0    0    0    0    0    0    0    0    0    0    0    0    0  233  253  253    0    0    0    0    0    0    0    0    0 
   0    0    0    0    0    0    0    0    0    0    0    0    0    0    0    0  232  252  208   71    0    0    0    0    0    0    0    0 
   0    0    0    0    0    0    0    0    0    0    0    0    0    0    0    0  232  252  252  250   58    0    0    0    0    0    0    0 
   0    0    0    0    0    0    0    0    0    0    0    0    0    0    0    0  206  252  252  253   63    0    0    0    0    0    0    0 
   0    0    0    0    0    0    0    0    0    0    0    0    0    0    0    0  127  252  252  253   63    0    0    0    0    0    0    0 
   0    0    0    0    0    0    0    0    0    0    0    0    0    0    0    0    0    0    0    0    0    0    0    0    0    0    0    0 
   0    0    0    0    0    0    0    0    0    0    0    0    0    0    0    0    0    0    0    0    0    0    0    0    0    0    0    0 

   0    0    0    0    0    0    0    0    0    0    0    0    0    0    0    0    0    0    0    0    0    0    0    0    0    0    0    0 
   0    0    0    0    0    0    0    0    0    0    0    0    0    0    0    0    0    0    0    0    0    0    0    0    0    0    0    0 
   0    0    0    0    0    0    0    0    0    0    0    0    0    0    0    0    0    0    0    0    0    0    0    0    0    0    0    0 
   0    0    0    0    0    0    0    0    0    0    0    0    0    0    0    0    0    0    0    0    0    0    0    0    0    0    0    0 
   0    0    0    0    0    0    0    0    0    0    0    0    0    0    0    0    0    0    0    0    0    0    0    0    0    0    0    0 
   0    0    0    0    0    0    0    0    0    0    0    0    0    0    0    0    0    0    0    0    0    0    0    0    0    0    0    0 
   0    0    0    0    0    0    0    0    0    0    0    0    0    0    0    0    0    0    0    0    0    0    0    0    0    0    0    0 
   0    0    0    0    0    0    0    0    0    0    0    0   10   97  255  254  155    5    0    0    0    0    0    0    0    0    0    0 
   0    0    0    0    0    0    0    0    0    0    0    7  168  245  151  175  253   19    0    0    0    0    0    0    0    0    0    0 
   0    0    0    0    0    0    0    0    0   19  153  103  253  126    0   88  253   19    0    0    0    0    0    0    0    0    0    0 
   0    0    0    0    0    0    0    0    0    5  217  245  148    5    0   20  253   19    0    0    0    0    0    0    0    0    0    0 
   0    0    0    0    0    0    0    0    0   23  229  192    5    0    0   20  253   19    0    0    0    0    0    0    0    0    0    0 
   0    0    0    0    0    0    0    0    0  120  254   78    0    0    0   20  254   19    0    0    0    0    0    0    0    0    0    0 
   0    0    0    0    0    0    0    0    0  156  243   42    0    0    0   20  253   19    0    0    0    0    0    0    0    0    0    0 
   0    0    0    0    0    0    0    0    0   71   86    0    0    0    0   20  253   19    0    0    0    0    0    0    0    0    0    0 
   0    0    0    0    0    0    0    0    0    0    0    0    0    0    0   20  253   19    0    0    0    0    0    0    0    0    0    0 
   0    0    0    0    0    0    0    0    0    0    0    0    0    0    0   20  253   19    0    0    0    0    0    0    0    0    0    0 
   0    0    0    0    0    0    0    0    0    0    0    0    0    0    0   20  254   19    0    0    0    0    0    0    0    0    0    0 
   0    0    0    0    0    0    0    0    0    0    0    0    0    0    0   20  253   19    0    0    0    0    0    0    0    0    0    0 
   0    0    0    0    0    0    0    0    0    0    0    0    0    0    0   20  253   19    0    0    0    0    0    0    0    0    0    0 
   0    0    0    0    0    0    0    0    0    0    0    0    0    0    0   73  253   19    0    0    0    0    0    0    0    0    0    0 
   0    0    0    0    0    0    0    0    0    0    0    0    0    0    0  118  253   19    0    0    0    0    0    0    0    0    0    0 
   0    0    0    0    0    0    0    0    0    0    0    0    0    0    0   58  254   19    0    0    0    0    0    0    0    0    0    0 
   0    0    0    0    0    0    0    0    0    0    0    0    0    0    0   20  253   19    0    0    0    0    0    0    0    0    0    0 
   0    0    0    0    0    0    0    0    0    0    0    0    0    0    0   20  253   49    0    0    0    0    0    0    0    0    0    0 
   0    0    0    0    0    0    0    0    0    0    0    0    0    0    0    9  196  190   32    0    0    0    0    0    0    0    0    0 
   0    0    0    0    0    0    0    0    0    0    0    0    0    0    0    0   48  230   36    0    0    0    0    0    0    0    0    0 
   0    0    0    0    0    0    0    0    0    0    0    0    0    0    0    0    0    0    0    0    0    0    0    0    0    0    0    0 

   0    0    0    0    0    0    0    0    0    0    0    0    0    0    0    0    0    0    0    0    0    0    0    0    0    0    0    0 
   0    0    0    0    0    0    0    0    0    0    0    0    0    0    0    0    0    0    0    0    0    0    0    0    0    0    0    0 
   0    0    0    0    0    0    0    0    0    0    0    0    0    0    0    0    0    0    0    0    0    0    0    0    0    0    0    0 
   0    0    0    0    0    0    0    0    0    0    0    0    0    0    0    0    0    0    0    0    0    0    0    0    0    0    0    0 
   0    0    0    0    0    0    0    0    0    0    0    0    0   84  218  254  254  148   14    0    0    0    0    0    0    0    0    0 
   0    0    0    0    0    0    0    0    0    0    0    0   41  245  220  128  136  252   66    0    0    0    0    0    0    0    0    0 
   0    0    0    0    0    0    0    0    0    0    0    0  137  254   30    0    0  235  224   61    0    0    0    0    0    0    0    0 
   0    0    0    0    0    0    0    0    0    0    0    0  137  254   16    0   28  238  254  143    0    0    0    0    0    0    0    0 
   0    0    0    0    0    0    0    0    0    0    0    0  137  254   99    8  206  254  178   23    0    0    0    0    0    0    0    0 
   0    0    0    0    0    0    0    0    0    0    0    0  116  254  233  240  236  106   23    0    0    0    0    0    0    0    0    0 
   0    0    0    0    0    0    0    0    0    0    0    0    6  204  255  237   57    0    0    0    0    0    0    0    0    0    0    0 
   0    0    0    0    0    0    0    0    0    0    0    0  126  236  254   99    0    0    0    0    0    0    0    0    0    0    0    0 
   0    0    0    0    0    0    0    0    0    0   19  175  216  117  239  227    0    0    0    0    0    0    0    0    0    0    0    0 
   0    0    0    0    0    0    0    0    0    0  193  254  117    0  156  234    0    0    0    0    0    0    0    0    0    0    0    0 
   0    0    0    0    0    0    0    0    0   82  240  116    0    0   60  254  138    0    0    0    0    0    0    0    0    0    0    0 
   0    0    0    0    0    0    0    0   46  254  184   12    0    0   55  251  211    9    0    0    0    0    0    0    0    0    0    0 
   0    0    0    0    0    0    0   13  184  214   12    0    0    0    0  185  254   19    0    0    0    0    0    0    0    0    0    0 
   0    0    0    0    0    0    0   40  254  106    0    0    0    0    0  103  254   19    0    0    0    0    0    0    0    0    0    0 
   0    0    0    0    0    0    0   40  254   99    0    0    0    0    0   58  254   19    0    0    0    0    0    0    0    0    0    0 
   0    0    0    0    0    0    0   31  241   97    9    0    0    0    0   16  237  139    0    0    0    0    0    0    0    0    0    0 
   0    0    0    0    0    0    0    0  143  254  130    6    0    0    0    2  182  214    0    0    0    0    0    0    0    0    0    0 
   0    0    0    0    0    0    0    0    0  186  254  169    6    0    0   20  254  184    0    0    0    0    0    0    0    0    0    0 
   0    0    0    0    0    0    0    0    0   35  165  254  236  197  137  146  254  117    0    0    0    0    0    0    0    0    0    0 
   0    0    0    0    0    0    0    0    0    0    5   89  208  254  254  254  193   27    0    0    0    0    0    0    0    0    0    0 
   0    0    0    0    0    0    0    0    0    0    0    0    0    0    0    0    0    0    0    0    0    0    0    0    0    0    0    0 
   0    0    0    0    0    0    0    0    0    0    0    0    0    0    0    0    0    0    0    0    0    0    0    0    0    0    0    0 
   0    0    0    0    0    0    0    0    0    0    0    0    0    0    0    0    0    0    0    0    0    0    0    0    0    0    0    0 
   0    0    0    0    0    0    0    0    0    0    0    0    0    0    0    0    0    0    0    0    0    0    0    0    0    0    0    0 

